[2025-12-18 12:05:23] [INFO] [mm_ask] [REBASE] BTC Binance=86643.270 Discount=0.01%
[2025-12-18 12:05:23] [INFO] [mm_ask] [TOPUP] BTC Filling missing orders
[2025-12-18 12:06:23] [INFO] [mm_ask] [TOPUP] BTC Filling missing orders
[2025-12-18 12:07:23] [INFO] [mm_ask] [TOPUP] BTC Filling missing orders
[2025-12-18 12:08:23] [INFO] [mm_ask] [TOPUP] BTC Filling missing orders
[2025-12-18 12:09:23] [INFO] [mm_ask] [TOPUP] BTC Filling missing orders
[2025-12-18 12:10:24] [INFO] [mm_ask] [TOPUP] BTC Filling missing orders
[2025-12-18 12:11:24] [INFO] [mm_ask] [TOPUP] BTC Filling missing orders
[2025-12-18 12:12:24] [INFO] [mm_ask] [TOPUP] BTC Filling missing orders
[2025-12-18 12:13:24] [INFO] [mm_ask] [TOPUP] BTC Filling missing orders
[2025-12-18 12:14:24] [INFO] [mm_ask] [TOPUP] BTC Filling missing orders
[2025-12-18 12:15:24] [INFO] [mm_ask] [PRICE DOWN] BTC 86643.270 → 86581.020 (-62.250, -0.07%) → REBASE
[2025-12-18 12:15:24] [INFO] [mm_ask] [REBASE] BTC Binance=86581.020 Discount=0.01%
[2025-12-18 12:15:24] [INFO] [mm_ask] [TOPUP] BTC Filling missing orders
[2025-12-18 12:16:25] [INFO] [mm_ask] [TOPUP] BTC Filling missing orders
[2025-12-18 12:17:25] [INFO] [mm_ask] [TOPUP] BTC Filling missing orders
[2025-12-18 12:18:25] [INFO] [mm_ask] [TOPUP] BTC Filling missing orders
[2025-12-18 12:19:25] [INFO] [mm_ask] [TOPUP] BTC Filling missing orders
[2025-12-18 12:20:25] [INFO] [mm_ask] [TOPUP] BTC Filling missing orders
[2025-12-18 12:21:25] [INFO] [mm_ask] [TOPUP] BTC Filling missing orders
[2025-12-18 12:22:25] [INFO] [mm_ask] [TOPUP] BTC Filling missing orders
[2025-12-18 12:23:25] [INFO] [mm_ask] [TOPUP] BTC Filling missing orders
[2025-12-18 12:24:25] [INFO] [mm_ask] [TOPUP] BTC Filling missing orders
[2025-12-18 12:25:25] [INFO] [mm_ask] [PRICE DOWN] BTC 86581.020 → 86359.460 (-221.560, -0.26%) → REBASE
[2025-12-18 12:25:25] [INFO] [mm_ask] [REBASE] BTC Binance=86359.460 Discount=0.01%
[2025-12-18 12:25:26] [INFO] [mm_ask] [TOPUP] BTC Filling missing orders
[2025-12-18 12:26:26] [INFO] [mm_ask] [TOPUP] BTC Filling missing orders
[2025-12-18 12:27:26] [INFO] [mm_ask] [TOPUP] BTC Filling missing orders
[2025-12-18 12:28:26] [INFO] [mm_ask] [TOPUP] BTC Filling missing orders
[2025-12-18 12:29:26] [INFO] [mm_ask] [TOPUP] BTC Filling missing orders
[2025-12-18 12:30:26] [INFO] [mm_ask] [TOPUP] BTC Filling missing orders
[2025-12-18 12:31:26] [INFO] [mm_ask] [TOPUP] BTC Filling missing orders
[2025-12-18 12:32:26] [INFO] [mm_ask] [TOPUP] BTC Filling missing orders
[2025-12-18 12:33:26] [INFO] [mm_ask] [TOPUP] BTC Filling missing orders
[2025-12-18 12:34:26] [INFO] [mm_ask] [TOPUP] BTC Filling missing orders
[2025-12-18 12:35:26] [INFO] [mm_ask] [EMPTY ORDERBOOK] BTC 86359.460 → 86390.920 (+31.460, +0.04%) → REBASE
[2025-12-18 12:35:26] [INFO] [mm_ask] [REBASE] BTC Binance=86390.920 Discount=0.00%
[2025-12-18 12:35:27] [INFO] [mm_ask] [TOPUP] BTC Filling missing orders
[2025-12-18 12:36:27] [INFO] [mm_ask] [TOPUP] BTC Filling missing orders
[2025-12-18 12:37:27] [INFO] [mm_ask] [TOPUP] BTC Filling missing orders
[2025-12-18 12:38:27] [INFO] [mm_ask] [TOPUP] BTC Filling missing orders
[2025-12-18 12:39:27] [INFO] [mm_ask] [TOPUP] BTC Filling missing orders
[2025-12-18 12:40:27] [INFO] [mm_ask] [TOPUP] BTC Filling missing orders
[2025-12-18 12:41:28] [INFO] [mm_ask] [TOPUP] BTC Filling missing orders
[2025-12-18 12:42:28] [INFO] [mm_ask] [TOPUP] BTC Filling missing orders
[2025-12-18 12:43:28] [INFO] [mm_ask] [TOPUP] BTC Filling missing orders
[2025-12-18 12:44:28] [INFO] [mm_ask] [TOPUP] BTC Filling missing orders
[2025-12-18 12:45:26] [INFO] [mm_ask] [EMPTY ORDERBOOK] BTC 86390.920 → 86530.970 (+140.050, +0.16%) → REBASE
[2025-12-18 12:45:27] [INFO] [mm_ask] [REBASE] BTC Binance=86530.980 Discount=0.01%
[2025-12-18 12:45:28] [INFO] [mm_ask] [TOPUP] BTC Filling missing orders
[2025-12-18 12:46:28] [INFO] [mm_ask] [TOPUP] BTC Filling missing orders
[2025-12-18 12:47:29] [INFO] [mm_ask] [TOPUP] BTC Filling missing orders
[2025-12-18 12:48:29] [INFO] [mm_ask] [TOPUP] BTC Filling missing orders
[2025-12-18 12:49:29] [INFO] [mm_ask] [TOPUP] BTC Filling missing orders
[2025-12-18 12:50:29] [INFO] [mm_ask] [TOPUP] BTC Filling missing orders
[2025-12-18 12:51:29] [INFO] [mm_ask] [TOPUP] BTC Filling missing orders
[2025-12-18 12:52:29] [INFO] [mm_ask] [TOPUP] BTC Filling missing orders
[2025-12-18 12:53:29] [INFO] [mm_ask] [TOPUP] BTC Filling missing orders
[2025-12-18 12:54:29] [INFO] [mm_ask] [TOPUP] BTC Filling missing orders
[2025-12-18 12:55:27] [INFO] [mm_ask] [EMPTY ORDERBOOK] BTC 86530.980 → 86609.110 (+78.130, +0.09%) → REBASE
[2025-12-18 12:55:28] [INFO] [mm_ask] [REBASE] BTC Binance=86609.110 Discount=0.00%
[2025-12-18 12:55:30] [INFO] [mm_ask] [TOPUP] BTC Filling missing orders
[2025-12-18 12:56:30] [INFO] [mm_ask] [TOPUP] BTC Filling missing orders
[2025-12-18 12:57:30] [INFO] [mm_ask] [TOPUP] BTC Filling missing orders
[2025-12-18 12:58:30] [INFO] [mm_ask] [TOPUP] BTC Filling missing orders
[2025-12-18 12:59:30] [INFO] [mm_ask] [TOPUP] BTC Filling missing orders
[2025-12-18 13:00:30] [INFO] [mm_ask] [TOPUP] BTC Filling missing orders
[2025-12-18 13:01:30] [INFO] [mm_ask] [TOPUP] BTC Filling missing orders
[2025-12-18 13:02:30] [INFO] [mm_ask] [TOPUP] BTC Filling missing orders
[2025-12-18 13:03:31] [INFO] [mm_ask] [TOPUP] BTC Filling missing orders
[2025-12-18 13:04:31] [INFO] [mm_ask] [TOPUP] BTC Filling missing orders
[2025-12-18 13:05:28] [INFO] [mm_ask] [EMPTY ORDERBOOK] BTC 86609.110 → 86871.300 (+262.190, +0.30%) → REBASE
[2025-12-18 13:05:29] [INFO] [mm_ask] [REBASE] BTC Binance=86871.300 Discount=0.01%
[2025-12-18 13:05:31] [INFO] [mm_ask] [TOPUP] BTC Filling missing orders
[2025-12-18 13:06:31] [INFO] [mm_ask] [TOPUP] BTC Filling missing orders
[2025-12-18 13:07:31] [INFO] [mm_ask] [TOPUP] BTC Filling missing orders
[2025-12-18 13:08:31] [INFO] [mm_ask] [TOPUP] BTC Filling missing orders
[2025-12-18 13:09:32] [INFO] [mm_ask] [TOPUP] BTC Filling missing orders
[2025-12-18 13:10:32] [INFO] [mm_ask] [TOPUP] BTC Filling missing orders
[2025-12-18 13:11:32] [INFO] [mm_ask] [TOPUP] BTC Filling missing orders
[2025-12-18 13:12:32] [INFO] [mm_ask] [TOPUP] BTC Filling missing orders
[2025-12-18 13:13:32] [INFO] [mm_ask] [TOPUP] BTC Filling missing orders
[2025-12-18 13:14:32] [INFO] [mm_ask] [TOPUP] BTC Filling missing orders
[2025-12-18 13:15:29] [INFO] [mm_ask] [PRICE DOWN] BTC 86871.300 → 86745.810 (-125.490, -0.14%) → REBASE
[2025-12-18 13:15:30] [INFO] [mm_ask] [REBASE] BTC Binance=86745.820 Discount=0.01%
[2025-12-18 13:15:32] [INFO] [mm_ask] [TOPUP] BTC Filling missing orders
[2025-12-18 13:16:32] [INFO] [mm_ask] [TOPUP] BTC Filling missing orders
[2025-12-18 13:17:32] [INFO] [mm_ask] [TOPUP] BTC Filling missing orders
[2025-12-18 13:18:33] [INFO] [mm_ask] [TOPUP] BTC Filling missing orders
[2025-12-18 13:19:33] [INFO] [mm_ask] [TOPUP] BTC Filling missing orders
[2025-12-18 13:20:33] [INFO] [mm_ask] [TOPUP] BTC Filling missing orders
[2025-12-18 13:21:33] [INFO] [mm_ask] [TOPUP] BTC Filling missing orders
[2025-12-18 13:22:33] [INFO] [mm_ask] [TOPUP] BTC Filling missing orders
[2025-12-18 13:23:33] [INFO] [mm_ask] [TOPUP] BTC Filling missing orders
[2025-12-18 13:24:33] [INFO] [mm_ask] [TOPUP] BTC Filling missing orders
[2025-12-18 13:25:30] [INFO] [mm_ask] [EMPTY ORDERBOOK] BTC 86745.820 → 86895.030 (+149.210, +0.17%) → REBASE
[2025-12-18 13:25:31] [INFO] [mm_ask] [REBASE] BTC Binance=86895.020 Discount=0.01%
[2025-12-18 13:25:34] [INFO] [mm_ask] [TOPUP] BTC Filling missing orders
[2025-12-18 13:26:34] [INFO] [mm_ask] [TOPUP] BTC Filling missing orders
[2025-12-18 13:27:34] [INFO] [mm_ask] [TOPUP] BTC Filling missing orders
[2025-12-18 13:28:34] [INFO] [mm_ask] [TOPUP] BTC Filling missing orders
[2025-12-18 13:29:34] [INFO] [mm_ask] [TOPUP] BTC Filling missing orders
[2025-12-18 13:30:34] [INFO] [mm_ask] [TOPUP] BTC Filling missing orders
[2025-12-18 13:31:34] [INFO] [mm_ask] [TOPUP] BTC Filling missing orders
[2025-12-18 13:32:34] [INFO] [mm_ask] [TOPUP] BTC Filling missing orders
[2025-12-18 13:33:34] [INFO] [mm_ask] [TOPUP] BTC Filling missing orders
[2025-12-18 13:34:35] [INFO] [mm_ask] [TOPUP] BTC Filling missing orders
[2025-12-18 13:35:31] [INFO] [mm_ask] [PRICE DOWN] BTC 86895.020 → 86879.990 (-15.030, -0.02%) → REBASE
[2025-12-18 13:35:31] [INFO] [mm_ask] [REBASE] BTC Binance=86880.000 Discount=0.01%
[2025-12-18 13:35:35] [INFO] [mm_ask] [TOPUP] BTC Filling missing orders
[2025-12-18 13:36:35] [INFO] [mm_ask] [TOPUP] BTC Filling missing orders
[2025-12-18 13:37:35] [INFO] [mm_ask] [TOPUP] BTC Filling missing orders
[2025-12-18 13:38:35] [INFO] [mm_ask] [TOPUP] BTC Filling missing orders
[2025-12-18 13:39:35] [INFO] [mm_ask] [TOPUP] BTC Filling missing orders
[2025-12-18 13:40:36] [INFO] [mm_ask] [TOPUP] BTC Filling missing orders
[2025-12-18 13:41:36] [INFO] [mm_ask] [TOPUP] BTC Filling missing orders
[2025-12-18 13:42:36] [INFO] [mm_ask] [TOPUP] BTC Filling missing orders
[2025-12-18 13:43:36] [INFO] [mm_ask] [TOPUP] BTC Filling missing orders
[2025-12-18 13:44:36] [INFO] [mm_ask] [TOPUP] BTC Filling missing orders
[2025-12-18 13:45:32] [INFO] [mm_ask] [PRICE DOWN] BTC 86880.000 → 86817.350 (-62.650, -0.07%) → REBASE
[2025-12-18 13:45:32] [INFO] [mm_ask] [REBASE] BTC Binance=86817.340 Discount=0.00%
[2025-12-18 13:45:36] [INFO] [mm_ask] [TOPUP] BTC Filling missing orders
[2025-12-18 13:46:37] [INFO] [mm_ask] [TOPUP] BTC Filling missing orders
[2025-12-18 13:47:37] [INFO] [mm_ask] [TOPUP] BTC Filling missing orders
[2025-12-18 13:48:37] [INFO] [mm_ask] [TOPUP] BTC Filling missing orders
[2025-12-18 13:49:37] [INFO] [mm_ask] [TOPUP] BTC Filling missing orders
[2025-12-18 13:50:37] [INFO] [mm_ask] [TOPUP] BTC Filling missing orders
[2025-12-18 13:51:37] [INFO] [mm_ask] [TOPUP] BTC Filling missing orders
[2025-12-18 13:52:37] [INFO] [mm_ask] [TOPUP] BTC Filling missing orders
[2025-12-18 13:53:37] [INFO] [mm_ask] [TOPUP] BTC Filling missing orders
[2025-12-18 13:54:37] [INFO] [mm_ask] [TOPUP] BTC Filling missing orders
[2025-12-18 13:55:33] [INFO] [mm_ask] [EMPTY ORDERBOOK] BTC 86817.340 → 86818.520 (+1.180, +0.00%) → REBASE
[2025-12-18 13:55:34] [INFO] [mm_ask] [REBASE] BTC Binance=86818.520 Discount=0.01%
[2025-12-18 13:55:38] [INFO] [mm_ask] [TOPUP] BTC Filling missing orders
[2025-12-18 13:56:38] [INFO] [mm_ask] [TOPUP] BTC Filling missing orders
[2025-12-18 13:57:38] [INFO] [mm_ask] [TOPUP] BTC Filling missing orders
[2025-12-18 13:58:38] [INFO] [mm_ask] [TOPUP] BTC Filling missing orders
[2025-12-18 13:59:38] [INFO] [mm_ask] [TOPUP] BTC Filling missing orders
[2025-12-18 14:00:38] [INFO] [mm_ask] [TOPUP] BTC Filling missing orders
[2025-12-18 14:01:38] [INFO] [mm_ask] [TOPUP] BTC Filling missing orders
[2025-12-18 14:02:38] [INFO] [mm_ask] [TOPUP] BTC Filling missing orders
[2025-12-18 14:03:38] [INFO] [mm_ask] [TOPUP] BTC Filling missing orders
[2025-12-18 14:04:39] [INFO] [mm_ask] [TOPUP] BTC Filling missing orders
[2025-12-18 14:05:34] [INFO] [mm_ask] [PRICE DOWN] BTC 86818.520 → 86723.600 (-94.920, -0.11%) → REBASE
[2025-12-18 14:05:34] [INFO] [mm_ask] [REBASE] BTC Binance=86723.600 Discount=0.01%
[2025-12-18 14:05:39] [INFO] [mm_ask] [TOPUP] BTC Filling missing orders
[2025-12-18 17:09:41] [INFO] [mm_ask] [FULL REBALANCE] BTC Binance=86748.660 Discount=0.01%
[2025-12-18 17:09:41] [INFO] [mm_ask] [TOPUP] BTC Filling missing orders
[2025-12-18 17:10:41] [INFO] [mm_ask] [TOPUP] BTC Filling missing orders
[2025-12-18 17:11:41] [INFO] [mm_ask] [TOPUP] BTC Filling missing orders
[2025-12-18 17:12:41] [INFO] [mm_ask] [TOPUP] BTC Filling missing orders
[2025-12-18 17:13:41] [INFO] [mm_ask] [TOPUP] BTC Filling missing orders
[2025-12-18 17:14:41] [INFO] [mm_ask] [TOPUP] BTC Filling missing orders
