[2025-12-18 12:05:23] [INFO] [mm_bid] [REBASE] BTC Binance=86639.160 Discount=0.01%
[2025-12-18 12:05:23] [INFO] [mm_bid] [TOPUP] BTC Filling missing orders
[2025-12-18 12:06:23] [INFO] [mm_bid] [TOPUP] BTC Filling missing orders
[2025-12-18 12:07:23] [INFO] [mm_bid] [TOPUP] BTC Filling missing orders
[2025-12-18 12:08:23] [INFO] [mm_bid] [TOPUP] BTC Filling missing orders
[2025-12-18 12:09:23] [INFO] [mm_bid] [TOPUP] BTC Filling missing orders
[2025-12-18 12:10:23] [INFO] [mm_bid] [TOPUP] BTC Filling missing orders
[2025-12-18 12:11:24] [INFO] [mm_bid] [TOPUP] BTC Filling missing orders
[2025-12-18 12:12:24] [INFO] [mm_bid] [TOPUP] BTC Filling missing orders
[2025-12-18 12:13:24] [INFO] [mm_bid] [TOPUP] BTC Filling missing orders
[2025-12-18 12:14:24] [INFO] [mm_bid] [TOPUP] BTC Filling missing orders
[2025-12-18 12:15:23] [INFO] [mm_bid] [EMPTY ORDERBOOK] BTC 86639.160 → 86581.020 (-58.140, -0.07%) → REBASE
[2025-12-18 12:15:24] [INFO] [mm_bid] [REBASE] BTC Binance=86581.020 Discount=0.01%
[2025-12-18 12:15:24] [INFO] [mm_bid] [TOPUP] BTC Filling missing orders
[2025-12-18 12:16:24] [INFO] [mm_bid] [TOPUP] BTC Filling missing orders
[2025-12-18 12:17:24] [INFO] [mm_bid] [TOPUP] BTC Filling missing orders
[2025-12-18 12:18:25] [INFO] [mm_bid] [TOPUP] BTC Filling missing orders
[2025-12-18 12:19:25] [INFO] [mm_bid] [TOPUP] BTC Filling missing orders
[2025-12-18 12:20:25] [INFO] [mm_bid] [TOPUP] BTC Filling missing orders
[2025-12-18 12:21:25] [INFO] [mm_bid] [TOPUP] BTC Filling missing orders
[2025-12-18 12:22:25] [INFO] [mm_bid] [TOPUP] BTC Filling missing orders
[2025-12-18 12:23:25] [INFO] [mm_bid] [TOPUP] BTC Filling missing orders
[2025-12-18 12:24:25] [INFO] [mm_bid] [TOPUP] BTC Filling missing orders
[2025-12-18 12:25:24] [INFO] [mm_bid] [EMPTY ORDERBOOK] BTC 86581.020 → 86359.470 (-221.550, -0.26%) → REBASE
[2025-12-18 12:25:25] [INFO] [mm_bid] [REBASE] BTC Binance=86359.460 Discount=0.01%
[2025-12-18 12:25:26] [INFO] [mm_bid] [TOPUP] BTC Filling missing orders
[2025-12-18 12:26:26] [INFO] [mm_bid] [TOPUP] BTC Filling missing orders
[2025-12-18 12:27:26] [INFO] [mm_bid] [TOPUP] BTC Filling missing orders
[2025-12-18 12:28:26] [INFO] [mm_bid] [TOPUP] BTC Filling missing orders
[2025-12-18 12:29:26] [INFO] [mm_bid] [TOPUP] BTC Filling missing orders
[2025-12-18 12:30:26] [INFO] [mm_bid] [TOPUP] BTC Filling missing orders
[2025-12-18 12:31:26] [INFO] [mm_bid] [TOPUP] BTC Filling missing orders
[2025-12-18 12:32:27] [INFO] [mm_bid] [TOPUP] BTC Filling missing orders
[2025-12-18 12:33:27] [INFO] [mm_bid] [TOPUP] BTC Filling missing orders
[2025-12-18 12:34:27] [INFO] [mm_bid] [TOPUP] BTC Filling missing orders
[2025-12-18 12:35:25] [INFO] [mm_bid] [PRICE UP] BTC 86359.460 → 86390.920 (+31.460, +0.04%) → REBASE
[2025-12-18 12:35:26] [INFO] [mm_bid] [REBASE] BTC Binance=86390.920 Discount=0.01%
[2025-12-18 12:35:27] [INFO] [mm_bid] [TOPUP] BTC Filling missing orders
[2025-12-18 12:36:27] [INFO] [mm_bid] [TOPUP] BTC Filling missing orders
[2025-12-18 12:37:27] [INFO] [mm_bid] [TOPUP] BTC Filling missing orders
[2025-12-18 12:38:27] [INFO] [mm_bid] [TOPUP] BTC Filling missing orders
[2025-12-18 12:39:28] [INFO] [mm_bid] [TOPUP] BTC Filling missing orders
[2025-12-18 12:40:28] [INFO] [mm_bid] [TOPUP] BTC Filling missing orders
[2025-12-18 12:41:28] [INFO] [mm_bid] [TOPUP] BTC Filling missing orders
[2025-12-18 12:42:28] [INFO] [mm_bid] [TOPUP] BTC Filling missing orders
[2025-12-18 12:43:28] [INFO] [mm_bid] [TOPUP] BTC Filling missing orders
[2025-12-18 12:44:28] [INFO] [mm_bid] [TOPUP] BTC Filling missing orders
[2025-12-18 12:45:26] [INFO] [mm_bid] [PRICE UP] BTC 86390.920 → 86530.980 (+140.060, +0.16%) → REBASE
[2025-12-18 12:45:27] [INFO] [mm_bid] [REBASE] BTC Binance=86530.980 Discount=0.01%
[2025-12-18 12:45:29] [INFO] [mm_bid] [TOPUP] BTC Filling missing orders
[2025-12-18 12:46:29] [INFO] [mm_bid] [TOPUP] BTC Filling missing orders
[2025-12-18 12:47:29] [INFO] [mm_bid] [TOPUP] BTC Filling missing orders
[2025-12-18 12:48:29] [INFO] [mm_bid] [TOPUP] BTC Filling missing orders
[2025-12-18 12:49:29] [INFO] [mm_bid] [TOPUP] BTC Filling missing orders
[2025-12-18 12:50:29] [INFO] [mm_bid] [TOPUP] BTC Filling missing orders
[2025-12-18 12:51:29] [INFO] [mm_bid] [TOPUP] BTC Filling missing orders
[2025-12-18 12:52:29] [INFO] [mm_bid] [TOPUP] BTC Filling missing orders
[2025-12-18 12:53:29] [INFO] [mm_bid] [TOPUP] BTC Filling missing orders
[2025-12-18 12:54:30] [INFO] [mm_bid] [TOPUP] BTC Filling missing orders
[2025-12-18 12:55:27] [INFO] [mm_bid] [PRICE UP] BTC 86530.980 → 86609.110 (+78.130, +0.09%) → REBASE
[2025-12-18 12:55:27] [INFO] [mm_bid] [REBASE] BTC Binance=86609.120 Discount=0.01%
[2025-12-18 12:55:30] [INFO] [mm_bid] [TOPUP] BTC Filling missing orders
[2025-12-18 12:56:30] [INFO] [mm_bid] [TOPUP] BTC Filling missing orders
[2025-12-18 12:57:30] [INFO] [mm_bid] [TOPUP] BTC Filling missing orders
[2025-12-18 12:58:30] [INFO] [mm_bid] [TOPUP] BTC Filling missing orders
[2025-12-18 12:59:30] [INFO] [mm_bid] [TOPUP] BTC Filling missing orders
[2025-12-18 13:00:30] [INFO] [mm_bid] [TOPUP] BTC Filling missing orders
[2025-12-18 13:01:31] [INFO] [mm_bid] [TOPUP] BTC Filling missing orders
[2025-12-18 13:02:31] [INFO] [mm_bid] [TOPUP] BTC Filling missing orders
[2025-12-18 13:03:31] [INFO] [mm_bid] [TOPUP] BTC Filling missing orders
[2025-12-18 13:04:31] [INFO] [mm_bid] [TOPUP] BTC Filling missing orders
[2025-12-18 13:05:28] [INFO] [mm_bid] [PRICE UP] BTC 86609.120 → 86871.300 (+262.180, +0.30%) → REBASE
[2025-12-18 13:05:29] [INFO] [mm_bid] [REBASE] BTC Binance=86871.310 Discount=0.01%
[2025-12-18 13:05:31] [INFO] [mm_bid] [TOPUP] BTC Filling missing orders
[2025-12-18 13:06:31] [INFO] [mm_bid] [TOPUP] BTC Filling missing orders
[2025-12-18 13:11:06] [INFO] [mm_bid] [REBASE] BTC Binance=86702.750 Discount=0.01%
[2025-12-18 13:11:07] [INFO] [mm_bid] [TOPUP] BTC Filling missing orders
[2025-12-18 13:12:07] [INFO] [mm_bid] [TOPUP] BTC Filling missing orders
[2025-12-18 13:13:07] [INFO] [mm_bid] [TOPUP] BTC Filling missing orders
[2025-12-18 13:14:07] [INFO] [mm_bid] [TOPUP] BTC Filling missing orders
[2025-12-18 13:15:13] [INFO] [mm_bid] [REBASE] BTC Binance=86769.970 Discount=0.01%
[2025-12-18 13:15:13] [INFO] [mm_bid] [TOPUP] BTC Filling missing orders
[2025-12-18 13:16:13] [INFO] [mm_bid] [TOPUP] BTC Filling missing orders
[2025-12-18 13:17:14] [INFO] [mm_bid] [TOPUP] BTC Filling missing orders
[2025-12-18 13:18:14] [INFO] [mm_bid] [TOPUP] BTC Filling missing orders
[2025-12-18 13:19:14] [INFO] [mm_bid] [TOPUP] BTC Filling missing orders
[2025-12-18 13:20:14] [INFO] [mm_bid] [TOPUP] BTC Filling missing orders
[2025-12-18 13:21:14] [INFO] [mm_bid] [TOPUP] BTC Filling missing orders
[2025-12-18 13:22:14] [INFO] [mm_bid] [TOPUP] BTC Filling missing orders
[2025-12-18 13:23:14] [INFO] [mm_bid] [TOPUP] BTC Filling missing orders
[2025-12-18 13:24:14] [INFO] [mm_bid] [TOPUP] BTC Filling missing orders
[2025-12-18 13:25:14] [INFO] [mm_bid] [PRICE UP] BTC 86769.970 → 86895.020 (+125.050, +0.14%) → REBASE
[2025-12-18 13:25:14] [INFO] [mm_bid] [REBASE] BTC Binance=86895.020 Discount=0.01%
[2025-12-18 13:25:15] [INFO] [mm_bid] [TOPUP] BTC Filling missing orders
[2025-12-18 13:26:15] [INFO] [mm_bid] [TOPUP] BTC Filling missing orders
[2025-12-18 13:27:15] [INFO] [mm_bid] [TOPUP] BTC Filling missing orders
[2025-12-18 13:28:15] [INFO] [mm_bid] [TOPUP] BTC Filling missing orders
[2025-12-18 13:29:15] [INFO] [mm_bid] [TOPUP] BTC Filling missing orders
[2025-12-18 13:30:15] [INFO] [mm_bid] [TOPUP] BTC Filling missing orders
[2025-12-18 13:31:15] [INFO] [mm_bid] [TOPUP] BTC Filling missing orders
[2025-12-18 13:32:15] [INFO] [mm_bid] [TOPUP] BTC Filling missing orders
[2025-12-18 13:33:16] [INFO] [mm_bid] [TOPUP] BTC Filling missing orders
[2025-12-18 13:34:16] [INFO] [mm_bid] [TOPUP] BTC Filling missing orders
[2025-12-18 13:35:15] [INFO] [mm_bid] [EMPTY ORDERBOOK] BTC 86895.020 → 86880.000 (-15.020, -0.02%) → REBASE
[2025-12-18 13:35:15] [INFO] [mm_bid] [REBASE] BTC Binance=86880.000 Discount=0.01%
[2025-12-18 13:35:16] [INFO] [mm_bid] [TOPUP] BTC Filling missing orders
[2025-12-18 13:36:16] [INFO] [mm_bid] [TOPUP] BTC Filling missing orders
[2025-12-18 13:37:16] [INFO] [mm_bid] [TOPUP] BTC Filling missing orders
[2025-12-18 13:38:16] [INFO] [mm_bid] [TOPUP] BTC Filling missing orders
[2025-12-18 13:39:16] [INFO] [mm_bid] [TOPUP] BTC Filling missing orders
[2025-12-18 13:40:17] [INFO] [mm_bid] [TOPUP] BTC Filling missing orders
[2025-12-18 13:41:17] [INFO] [mm_bid] [TOPUP] BTC Filling missing orders
[2025-12-18 13:42:17] [INFO] [mm_bid] [TOPUP] BTC Filling missing orders
[2025-12-18 13:43:17] [INFO] [mm_bid] [TOPUP] BTC Filling missing orders
[2025-12-18 13:44:17] [INFO] [mm_bid] [TOPUP] BTC Filling missing orders
[2025-12-18 13:45:15] [INFO] [mm_bid] [EMPTY ORDERBOOK] BTC 86880.000 → 86846.170 (-33.830, -0.04%) → REBASE
[2025-12-18 13:45:16] [INFO] [mm_bid] [REBASE] BTC Binance=86846.170 Discount=0.01%
[2025-12-18 13:45:17] [INFO] [mm_bid] [TOPUP] BTC Filling missing orders
[2025-12-18 13:46:18] [INFO] [mm_bid] [TOPUP] BTC Filling missing orders
[2025-12-18 13:47:18] [INFO] [mm_bid] [TOPUP] BTC Filling missing orders
[2025-12-18 13:48:18] [INFO] [mm_bid] [TOPUP] BTC Filling missing orders
[2025-12-18 13:49:18] [INFO] [mm_bid] [TOPUP] BTC Filling missing orders
[2025-12-18 13:50:18] [INFO] [mm_bid] [TOPUP] BTC Filling missing orders
[2025-12-18 13:51:18] [INFO] [mm_bid] [TOPUP] BTC Filling missing orders
[2025-12-18 13:52:18] [INFO] [mm_bid] [TOPUP] BTC Filling missing orders
[2025-12-18 13:53:18] [INFO] [mm_bid] [TOPUP] BTC Filling missing orders
[2025-12-18 13:54:18] [INFO] [mm_bid] [TOPUP] BTC Filling missing orders
[2025-12-18 13:55:17] [INFO] [mm_bid] [EMPTY ORDERBOOK] BTC 86846.170 → 86826.340 (-19.830, -0.02%) → REBASE
[2025-12-18 13:55:17] [INFO] [mm_bid] [REBASE] BTC Binance=86826.340 Discount=0.00%
[2025-12-18 13:55:19] [INFO] [mm_bid] [TOPUP] BTC Filling missing orders
[2025-12-18 13:56:19] [INFO] [mm_bid] [TOPUP] BTC Filling missing orders
[2025-12-18 13:57:19] [INFO] [mm_bid] [TOPUP] BTC Filling missing orders
[2025-12-18 13:58:19] [INFO] [mm_bid] [TOPUP] BTC Filling missing orders
[2025-12-18 13:59:19] [INFO] [mm_bid] [TOPUP] BTC Filling missing orders
[2025-12-18 14:00:19] [INFO] [mm_bid] [TOPUP] BTC Filling missing orders
[2025-12-18 14:01:19] [INFO] [mm_bid] [TOPUP] BTC Filling missing orders
[2025-12-18 14:02:19] [INFO] [mm_bid] [TOPUP] BTC Filling missing orders
[2025-12-18 14:03:19] [INFO] [mm_bid] [TOPUP] BTC Filling missing orders
[2025-12-18 14:04:20] [INFO] [mm_bid] [TOPUP] BTC Filling missing orders
[2025-12-18 14:05:18] [INFO] [mm_bid] [EMPTY ORDERBOOK] BTC 86826.340 → 86731.360 (-94.980, -0.11%) → REBASE
[2025-12-18 14:05:18] [INFO] [mm_bid] [REBASE] BTC Binance=86731.350 Discount=0.01%
[2025-12-18 14:05:20] [INFO] [mm_bid] [TOPUP] BTC Filling missing orders
[2025-12-18 16:40:16] [INFO] [mm_bid] [FULL REBALANCE] BTC Binance=86726.460 Discount=0.01%
[2025-12-18 16:40:16] [INFO] [mm_bid] [TOPUP] BTC Filling missing orders
[2025-12-18 16:41:16] [INFO] [mm_bid] [TOPUP] BTC Filling missing orders
[2025-12-18 16:42:16] [INFO] [mm_bid] [TOPUP] BTC Filling missing orders
[2025-12-18 16:43:17] [INFO] [mm_bid] [TOPUP] BTC Filling missing orders
[2025-12-18 16:44:17] [INFO] [mm_bid] [TOPUP] BTC Filling missing orders
[2025-12-18 16:45:17] [INFO] [mm_bid] [TOPUP] BTC Filling missing orders
[2025-12-18 16:46:17] [INFO] [mm_bid] [TOPUP] BTC Filling missing orders
[2025-12-18 16:47:17] [INFO] [mm_bid] [TOPUP] BTC Filling missing orders
[2025-12-18 16:48:17] [INFO] [mm_bid] [TOPUP] BTC Filling missing orders
[2025-12-18 16:49:17] [INFO] [mm_bid] [TOPUP] BTC Filling missing orders
[2025-12-18 16:50:17] [INFO] [mm_bid] [PRICE UP] BTC 86726.460 → 86804.340 (+77.880, +0.09%) → REBALANCE (pull market up)
[2025-12-18 16:50:17] [INFO] [mm_bid] [FULL REBALANCE] BTC Binance=86804.340 Discount=0.00%
[2025-12-18 16:50:17] [INFO] [mm_bid] [TOPUP] BTC Filling missing orders
[2025-12-18 16:51:18] [INFO] [mm_bid] [TOPUP] BTC Filling missing orders
[2025-12-18 16:52:18] [INFO] [mm_bid] [TOPUP] BTC Filling missing orders
[2025-12-18 16:53:18] [INFO] [mm_bid] [TOPUP] BTC Filling missing orders
[2025-12-18 16:54:18] [INFO] [mm_bid] [TOPUP] BTC Filling missing orders
[2025-12-18 16:55:18] [INFO] [mm_bid] [TOPUP] BTC Filling missing orders
[2025-12-18 16:56:18] [INFO] [mm_bid] [TOPUP] BTC Filling missing orders
[2025-12-18 16:57:18] [INFO] [mm_bid] [TOPUP] BTC Filling missing orders
[2025-12-18 16:58:18] [INFO] [mm_bid] [TOPUP] BTC Filling missing orders
[2025-12-18 16:59:18] [INFO] [mm_bid] [TOPUP] BTC Filling missing orders
[2025-12-18 17:00:17] [INFO] [mm_bid] [PRICE UP] BTC 86804.340 → 86849.990 (+45.650, +0.05%) → REBALANCE (pull market up)
[2025-12-18 17:00:18] [INFO] [mm_bid] [FULL REBALANCE] BTC Binance=86849.990 Discount=0.00%
[2025-12-18 17:00:19] [INFO] [mm_bid] [TOPUP] BTC Filling missing orders
[2025-12-18 17:01:19] [INFO] [mm_bid] [TOPUP] BTC Filling missing orders
[2025-12-18 17:02:19] [INFO] [mm_bid] [TOPUP] BTC Filling missing orders
[2025-12-18 17:03:19] [INFO] [mm_bid] [TOPUP] BTC Filling missing orders
[2025-12-18 17:04:19] [INFO] [mm_bid] [TOPUP] BTC Filling missing orders
[2025-12-18 17:05:19] [INFO] [mm_bid] [TOPUP] BTC Filling missing orders
[2025-12-18 17:06:19] [INFO] [mm_bid] [TOPUP] BTC Filling missing orders
[2025-12-18 17:07:20] [INFO] [mm_bid] [TOPUP] BTC Filling missing orders
[2025-12-18 17:08:20] [INFO] [mm_bid] [TOPUP] BTC Filling missing orders
[2025-12-18 17:09:20] [INFO] [mm_bid] [TOPUP] BTC Filling missing orders
[2025-12-18 17:10:19] [INFO] [mm_bid] [EMPTY ORDERBOOK] BTC 86849.990 → 86721.760 (-128.230, -0.15%) → FILL ONLY (ASK bot adjusting)
[2025-12-18 17:10:19] [INFO] [mm_bid] [FILL ORDERS ONLY] BTC Binance=86721.760 Discount=0.00%
[2025-12-18 17:10:20] [INFO] [mm_bid] [TOPUP] BTC Filling missing orders
[2025-12-18 17:11:20] [INFO] [mm_bid] [TOPUP] BTC Filling missing orders
[2025-12-18 17:12:20] [INFO] [mm_bid] [TOPUP] BTC Filling missing orders
[2025-12-18 17:13:20] [INFO] [mm_bid] [TOPUP] BTC Filling missing orders
[2025-12-18 17:14:21] [INFO] [mm_bid] [TOPUP] BTC Filling missing orders
